Build started 9/29/2013 3:19:49 PM.
     1>Project "C:\unzipped\soln00_timeout\soln00_timeout\ConsoleApplication1\ConsoleApplication1\ConsoleApplication1.vcxproj" on node 2 (Build target(s)).
     1>ClCompile:
         C:\Program Files (x86)\Microsoft Visual Studio 11.0\VC\bin\CL.exe /c /ZI /nologo /W3 /WX- /Od /Oy- /D WIN32 /D _DEBUG /D _CONSOLE /D _UNICODE /D UNICODE /Gm /EHsc /RTC1 /MDd /GS /fp:precise /Zc:wchar_t /Zc:forScope /Fo"Debug\\" /Fd"Debug\vc110.pdb" /Gd /TP /analyze- /errorReport:prompt ..\..\AbstractGrader.cpp ..\..\Date.cpp ..\..\Factory00.cpp ..\..\Grader00.cpp ..\..\main.cpp ..\..\ObjectFactory.cpp ..\..\Stopwatch.cpp ..\..\StringEcho.cpp ..\..\StringReverse.cpp ..\..\UnixStopwatch.cpp ..\..\WindowsStopwatch.cpp
         WindowsStopwatch.cpp
     1>c:\unzipped\soln00_timeout\soln00_timeout\windowsstopwatch.cpp(37): warning C4244: 'return' : conversion from '__int64' to 'long', possible loss of data
         UnixStopwatch.cpp
         StringReverse.cpp
         StringEcho.cpp
         Stopwatch.cpp
         ObjectFactory.cpp
         main.cpp
     1>c:\unzipped\soln00_timeout\soln00_timeout\main.cpp(30): warning C4244: '+=' : conversion from '__int64' to 'long', possible loss of data
         Grader00.cpp
         Factory00.cpp
         Date.cpp
         AbstractGrader.cpp
         Generating Code...
       Link:
         C:\Program Files (x86)\Microsoft Visual Studio 11.0\VC\bin\link.exe /ERRORREPORT:PROMPT /OUT:"C:\unzipped\soln00_timeout\soln00_timeout\ConsoleApplication1\Debug\ConsoleApplication1.exe" /INCREMENTAL /NOLOGO kernel32.lib user32.lib gdi32.lib winspool.lib comdlg32.lib advapi32.lib shell32.lib ole32.lib oleaut32.lib uuid.lib odbc32.lib odbccp32.lib /MANIFEST /MANIFESTUAC:"level='asInvoker' uiAccess='false'" /manifest:embed /DEBUG /PDB:"C:\unzipped\soln00_timeout\soln00_timeout\ConsoleApplication1\Debug\ConsoleApplication1.pdb" /SUBSYSTEM:CONSOLE /TLBID:1 /DYNAMICBASE /NXCOMPAT /IMPLIB:"C:\unzipped\soln00_timeout\soln00_timeout\ConsoleApplication1\Debug\ConsoleApplication1.lib" /MACHINE:X86 Debug\AbstractGrader.obj
         Debug\Date.obj
         Debug\Factory00.obj
         Debug\Grader00.obj
         Debug\main.obj
         Debug\ObjectFactory.obj
         Debug\Stopwatch.obj
         Debug\StringEcho.obj
         Debug\StringReverse.obj
         Debug\UnixStopwatch.obj
         Debug\WindowsStopwatch.obj
         ConsoleApplication1.vcxproj -> C:\unzipped\soln00_timeout\soln00_timeout\ConsoleApplication1\Debug\ConsoleApplication1.exe
     1>Done Building Project "C:\unzipped\soln00_timeout\soln00_timeout\ConsoleApplication1\ConsoleApplication1\ConsoleApplication1.vcxproj" (Build target(s)).

Build succeeded.

Time Elapsed 00:00:40.42
